
Log started (V20.1.0.0) Fri Mar 31 23:11:33 2023

Warning, line 2666: Name 'Y(1,1,1,2,3,102)' does not exist.
Warning, line 2694: Name 'Y(1,1,2,2,3,102)' does not exist.
Warning, line 2722: Name 'Y(1,1,3,2,3,102)' does not exist.
Warning, line 2750: Name 'Y(1,2,1,2,3,102)' does not exist.
Warning, line 2766: Name 'Y(1,2,100,2,1,1)' does not exist.
Warning, line 2767: Name 'Y(1,2,100,2,1,2)' does not exist.
Warning, line 2768: Name 'Y(1,2,100,2,1,3)' does not exist.
Warning, line 2769: Name 'Y(1,2,100,2,2,1)' does not exist.
Warning, line 2770: Name 'Y(1,2,100,2,2,100)' does not exist.
Warning, line 2771: Name 'Y(1,2,100,2,2,101)' does not exist.
Warning, line 2772: Name 'Y(1,2,100,2,2,2)' does not exist.
Warning, line 2773: Name 'Y(1,2,100,2,2,3)' does not exist.
Warning, line 2774: Name 'Y(1,2,100,2,3,1)' does not exist.
Warning, line 2775: Name 'Y(1,2,100,2,3,2)' does not exist.
Warning, line 2776: Name 'Y(1,2,100,2,3,100)' does not exist.
Warning, line 2777: Name 'Y(1,2,100,2,3,101)' does not exist.
Warning, line 2778: Name 'Y(1,2,100,2,3,102)' does not exist.
Warning, line 2779: Name 'Y(1,2,100,2,3,3)' does not exist.
Warning, line 2780: Name 'Y(1,2,100,3,1,1)' does not exist.
Warning, line 2781: Name 'Y(1,2,100,3,1,2)' does not exist.
306 name warnings not printed.

Problem 'output.lp' read.
Read time = 0.00 sec. (0.23 ticks)
Version identifier: 20.1.0.0 | 2020-11-10 | 9bedb6d68
Tried aggregator 2 times.
MIP Presolve eliminated 2571 rows and 1375 columns.
Aggregator did 9 substitutions.
All rows and columns eliminated.
Presolve time = 0.00 sec. (2.00 ticks)

Root node processing (before b&c):
  Real time             =    0.00 sec. (2.20 ticks)
Parallel b&c, 16 threads:
  Real time             =    0.00 sec. (0.00 ticks)
  Sync time (average)   =    0.00 sec.
  Wait time (average)   =    0.00 sec.
                          ------------
Total (root+branch&cut) =    0.00 sec. (2.20 ticks)

Solution pool: 1 solution saved.

MIP - Integer optimal solution:  Objective =  0.0000000000e+00
Solution time =    0.00 sec.  Iterations = 0  Nodes = 0 (1)
Deterministic time = 2.20 ticks  (2204.79 ticks/sec)


Problem 'first.lp' read.
Read time = 0.00 sec. (0.22 ticks)
Version identifier: 20.1.0.0 | 2020-11-10 | 9bedb6d68
Tried aggregator 8 times.
MIP Presolve eliminated 2298 rows and 1140 columns.
MIP Presolve modified 189 coefficients.
Aggregator did 108 substitutions.
Reduced MIP has 30 rows, 19 columns, and 75 nonzeros.
Reduced MIP has 9 binaries, 0 generals, 0 SOSs, and 0 indicators.
Presolve time = 0.00 sec. (4.35 ticks)
Found incumbent of value 9999.000000 after 0.00 sec. (4.52 ticks)
Probing fixed 3 vars, tightened 12 bounds.
Probing time = 0.00 sec. (0.17 ticks)
Cover probing fixed 0 vars, tightened 12 bounds.
Tried aggregator 1 time.
MIP Presolve eliminated 30 rows and 19 columns.
MIP Presolve modified 2 coefficients.
All rows and columns eliminated.
Presolve time = 0.00 sec. (0.02 ticks)

Root node processing (before b&c):
  Real time             =    0.00 sec. (4.78 ticks)
Parallel b&c, 16 threads:
  Real time             =    0.00 sec. (0.00 ticks)
  Sync time (average)   =    0.00 sec.
  Wait time (average)   =    0.00 sec.
                          ------------
Total (root+branch&cut) =    0.00 sec. (4.78 ticks)

Solution pool: 2 solutions saved.

MIP - Integer optimal solution:  Objective =  3.0500000000e+02
Solution time =    0.00 sec.  Iterations = 0  Nodes = 0 (1)
Deterministic time = 4.78 ticks  (4780.33 ticks/sec)

Warning, line 2666: Name 'Y(1,1,1,2,3,102)' does not exist.
Warning, line 2694: Name 'Y(1,1,2,2,3,102)' does not exist.
Warning, line 2722: Name 'Y(1,1,3,2,3,102)' does not exist.
Warning, line 2750: Name 'Y(1,2,1,2,3,102)' does not exist.
Warning, line 2766: Name 'Y(1,2,100,2,1,1)' does not exist.
Warning, line 2767: Name 'Y(1,2,100,2,1,2)' does not exist.
Warning, line 2768: Name 'Y(1,2,100,2,1,3)' does not exist.
Warning, line 2769: Name 'Y(1,2,100,2,2,1)' does not exist.
Warning, line 2770: Name 'Y(1,2,100,2,2,100)' does not exist.
Warning, line 2771: Name 'Y(1,2,100,2,2,101)' does not exist.
Warning, line 2772: Name 'Y(1,2,100,2,2,2)' does not exist.
Warning, line 2773: Name 'Y(1,2,100,2,2,3)' does not exist.
Warning, line 2774: Name 'Y(1,2,100,2,3,1)' does not exist.
Warning, line 2775: Name 'Y(1,2,100,2,3,2)' does not exist.
Warning, line 2776: Name 'Y(1,2,100,2,3,100)' does not exist.
Warning, line 2777: Name 'Y(1,2,100,2,3,101)' does not exist.
Warning, line 2778: Name 'Y(1,2,100,2,3,102)' does not exist.
Warning, line 2779: Name 'Y(1,2,100,2,3,3)' does not exist.
Warning, line 2780: Name 'Y(1,2,100,3,1,1)' does not exist.
Warning, line 2781: Name 'Y(1,2,100,3,1,2)' does not exist.
306 name warnings not printed.

Problem 'output.lp' read.
Read time = 0.00 sec. (0.23 ticks)

Problem 'output.lp' read.
Read time = 0.00 sec. (0.22 ticks)
Version identifier: 20.1.0.0 | 2020-11-10 | 9bedb6d68
Tried aggregator 8 times.
MIP Presolve eliminated 2298 rows and 1182 columns.
MIP Presolve modified 189 coefficients.
Aggregator did 108 substitutions.
Reduced MIP has 30 rows, 19 columns, and 75 nonzeros.
Reduced MIP has 9 binaries, 0 generals, 0 SOSs, and 0 indicators.
Presolve time = 0.00 sec. (4.56 ticks)
Found incumbent of value 9999.000000 after 0.00 sec. (4.75 ticks)
Probing fixed 3 vars, tightened 12 bounds.
Probing time = 0.00 sec. (0.17 ticks)
Cover probing fixed 0 vars, tightened 12 bounds.
Tried aggregator 1 time.
MIP Presolve eliminated 30 rows and 19 columns.
MIP Presolve modified 2 coefficients.
All rows and columns eliminated.
Presolve time = 0.00 sec. (0.02 ticks)

Root node processing (before b&c):
  Real time             =    0.00 sec. (5.02 ticks)
Parallel b&c, 16 threads:
  Real time             =    0.00 sec. (0.00 ticks)
  Sync time (average)   =    0.00 sec.
  Wait time (average)   =    0.00 sec.
                          ------------
Total (root+branch&cut) =    0.00 sec. (5.02 ticks)

Solution pool: 2 solutions saved.

MIP - Integer optimal solution:  Objective =  3.0500000000e+02
Solution time =    0.02 sec.  Iterations = 0  Nodes = 0 (1)
Deterministic time = 5.02 ticks  (313.96 ticks/sec)


Incumbent solution
Variable Name             Solution Value
Cmax                          305.000000
T(1,1,1)                       82.000000
T(1,1,2)                       77.000000
T(1,1,3)                       55.000000
T(1,2,1)                       82.000000
T(1,2,100)                      9.000000
T(1,2,101)                     82.000000
T(1,2,2)                       77.000000
T(1,2,3)                       55.000000
T(1,3,1)                       82.000000
T(1,3,2)                       77.000000
T(1,3,100)                      9.000000
T(1,3,101)                     82.000000
T(1,3,102)                     77.000000
T(1,3,3)                       55.000000
T(2,1,1)                       28.000000
T(2,1,2)                       48.000000
T(2,1,3)                       76.000000
T(2,2,1)                       28.000000
T(2,2,100)                     16.000000
T(2,2,101)                     28.000000
T(2,2,2)                       48.000000
T(2,2,3)                       76.000000
T(2,3,1)                       28.000000
T(2,3,2)                       48.000000
T(2,3,100)                     16.000000
T(2,3,101)                     28.000000
T(2,3,102)                     48.000000
T(2,3,3)                       76.000000
T(3,1,1)                       60.000000
T(3,1,2)                       87.000000
T(3,1,3)                       34.000000
T(3,2,1)                       60.000000
T(3,2,100)                     15.000000
T(3,2,101)                     60.000000
T(3,2,2)                       87.000000
T(3,2,3)                       34.000000
T(3,3,1)                       60.000000
T(3,3,2)                       87.000000
T(3,3,100)                     15.000000
T(3,3,101)                     60.000000
T(3,3,102)                     87.000000
T(3,3,3)                       34.000000
Q(1,1,2)                       20.000000
Q(1,1,3)                       12.000000
Q(2,1,2)                        8.000000
Q(2,1,3)                       19.000000
Q(3,1,2)                       12.000000
Q(3,1,3)                        5.000000
Z(1,2)                          1.000000
Z(2,2)                          1.000000
Z(3,2)                          1.000000
X(1,2,1)                        1.000000
X(1,2,100)                      1.000000
X(1,2,101)                      1.000000
X(1,2,2)                        1.000000
X(1,2,3)                        1.000000
X(2,2,1)                        1.000000
X(2,2,100)                      1.000000
X(2,2,101)                      1.000000
X(2,2,2)                        1.000000
X(2,2,3)                        1.000000
X(3,2,1)                        1.000000
X(3,2,100)                      1.000000
X(3,2,101)                      1.000000
X(3,2,2)                        1.000000
X(3,2,3)                        1.000000
C(1,2,1)                       82.000000
S(1,2,100)                     82.000000
C(1,2,100)                     91.000000
S(1,2,101)                     91.000000
C(1,2,101)                    173.000000
S(1,2,2)                      173.000000
C(1,2,2)                      250.000000
S(1,2,3)                      250.000000
C(1,2,3)                      305.000000
C(1,3,1)                       -0.000000
S(1,3,2)                       -0.000000
C(1,3,101)                     -0.000000
S(1,3,102)                     -0.000000
C(1,3,102)                     -0.000000
S(1,3,3)                       -0.000000
C(1,3,3)                       -0.000000
C(2,2,1)                       28.000000
S(2,2,100)                     28.000000
C(2,2,100)                     44.000000
S(2,2,101)                     44.000000
C(2,2,101)                     72.000000
S(2,2,2)                       72.000000
C(2,2,2)                      120.000000
S(2,2,3)                      120.000000
C(2,2,3)                      196.000000
C(2,3,1)                       -0.000000
S(2,3,2)                       -0.000000
C(2,3,3)                       -0.000000
C(3,2,1)                       60.000000
S(3,2,100)                     60.000000
C(3,2,100)                     75.000000
S(3,2,101)                     75.000000
C(3,2,101)                    135.000000
S(3,2,2)                      135.000000
C(3,2,2)                      222.000000
S(3,2,3)                      222.000000
C(3,2,3)                      256.000000
C(3,3,1)                       -0.000000
S(3,3,2)                       -0.000000
C(3,3,101)                     -0.000000
S(3,3,102)                     -0.000000
C(3,3,102)                     -0.000000
S(3,3,3)                       -0.000000
C(3,3,3)                       -0.000000
Y(1,1,1,2,1,1)                  1.000000
Y(1,1,1,2,1,2)                  1.000000
Y(1,1,1,2,1,3)                  1.000000
Y(1,1,2,2,1,1)                  1.000000
Y(1,1,2,2,1,2)                  1.000000
Y(1,1,2,2,1,3)                  1.000000
Y(1,1,3,2,1,1)                  1.000000
Y(1,1,3,2,1,2)                  1.000000
Y(1,1,3,2,1,3)                  1.000000
Y(1,1,1,2,2,1)                  1.000000
Y(1,1,1,2,2,2)                  1.007201
Y(1,1,1,2,2,3)                  1.000000
Y(1,1,2,2,2,1)                  1.000000
Y(1,1,2,2,2,2)                  1.007201
Y(1,1,2,2,2,3)                  1.000000
Y(1,1,3,2,2,1)                  1.000000
Y(1,1,3,2,2,2)                  1.007201
Y(1,1,3,2,2,3)                  1.000000
Y(1,1,1,2,3,1)                  1.000000
Y(1,1,1,2,3,2)                  1.000000
Y(1,1,1,2,3,3)                  1.000000
Y(1,1,2,2,3,1)                  1.000000
Y(1,1,2,2,3,2)                  1.000000
Y(1,1,2,2,3,3)                  1.000000
Y(1,1,3,2,3,1)                  1.000000
Y(1,1,3,2,3,2)                  1.000000
Y(1,1,3,2,3,3)                  1.000000
Y(1,2,1,2,1,1)                  1.000000
Y(1,2,1,2,1,2)                  1.000000
Y(1,2,1,2,1,3)                  1.000000
Y(1,2,100,2,1,1)                1.000000
Y(1,2,100,2,1,2)                1.000000
Y(1,2,100,2,1,3)                1.000000
Y(1,2,101,2,1,1)                1.000000
Y(1,2,101,2,1,2)                1.000000
Y(1,2,101,2,1,3)                1.000000
Y(1,2,2,2,1,1)                  1.000000
Y(1,2,2,2,1,2)                  1.000000
Y(1,2,2,2,1,3)                  1.000000
Y(1,2,3,2,1,1)                  1.000000
Y(1,2,3,2,1,2)                  1.000000
Y(1,2,3,2,1,3)                  1.000000
Y(1,2,1,2,2,1)                  1.000000
Y(1,2,1,2,2,101)                1.004400
Y(1,2,1,2,2,2)                  1.007201
Y(1,2,1,2,2,3)                  1.000000
Y(1,2,100,2,2,1)                1.000000
Y(1,2,100,2,2,101)              1.004400
Y(1,2,100,2,2,2)                1.007201
Y(1,2,100,2,2,3)                1.000000
Y(1,2,101,2,2,1)                1.000000
Y(1,2,101,2,2,101)              1.004400
Y(1,2,101,2,2,2)                1.007201
Y(1,2,101,2,2,3)                1.000000
Y(1,2,2,2,2,1)                  1.000000
Y(1,2,2,2,2,101)                1.004400
Y(1,2,2,2,2,2)                  1.007201
Y(1,2,2,2,2,3)                  1.000000
Y(1,2,3,2,2,1)                  1.000000
Y(1,2,3,2,2,101)                1.004400
Y(1,2,3,2,2,2)                  1.007201
Y(1,2,3,2,2,3)                  1.000000
Y(1,2,1,2,3,1)                  1.000000
Y(1,2,1,2,3,101)                1.000000
Y(1,2,1,2,3,2)                  1.000000
Y(1,2,1,2,3,3)                  1.000000
Y(1,2,100,2,3,1)                1.000000
Y(1,2,100,2,3,101)              1.000000
Y(1,2,100,2,3,2)                1.000000
Y(1,2,100,2,3,3)                1.000000
Y(1,2,101,2,3,1)                1.000000
Y(1,2,101,2,3,101)              1.000000
Y(1,2,101,2,3,2)                1.000000
Y(1,2,101,2,3,3)                1.000000
Y(1,2,2,2,3,1)                  1.000000
Y(1,2,2,2,3,101)                1.000000
Y(1,2,2,2,3,2)                  1.000000
Y(1,2,2,2,3,3)                  1.000000
Y(1,2,3,2,3,1)                  1.000000
Y(1,2,3,2,3,101)                1.000000
Y(1,2,3,2,3,2)                  1.000000
Y(1,2,3,2,3,3)                  1.000000
Y(1,3,1,2,1,1)                  1.000000
Y(1,3,1,2,1,2)                  1.000000
Y(1,3,1,2,1,3)                  1.000000
Y(1,3,2,2,1,1)                  1.000000
Y(1,3,2,2,1,2)                  1.000000
Y(1,3,2,2,1,3)                  1.000000
Y(1,3,100,2,1,1)                1.000000
Y(1,3,100,2,1,2)                1.000000
Y(1,3,100,2,1,3)                1.000000
Y(1,3,101,2,1,1)                1.000000
Y(1,3,101,2,1,2)                1.000000
Y(1,3,101,2,1,3)                1.000000
Y(1,3,102,2,1,1)                1.000000
Y(1,3,102,2,1,2)                1.000000
Y(1,3,102,2,1,3)                1.000000
Y(1,3,3,2,1,1)                  1.000000
Y(1,3,3,2,1,2)                  1.000000
Y(1,3,3,2,1,3)                  1.000000
Y(1,3,1,2,2,1)                  1.000000
Y(1,3,1,2,2,2)                  1.007201
Y(1,3,1,2,2,101)                1.004400
Y(1,3,1,2,2,3)                  1.000000
Y(1,3,2,2,2,1)                  1.000000
Y(1,3,2,2,2,2)                  1.007201
Y(1,3,2,2,2,101)                1.004400
Y(1,3,2,2,2,3)                  1.000000
Y(1,3,100,2,2,1)                1.000000
Y(1,3,100,2,2,2)                1.007201
Y(1,3,100,2,2,101)              1.004400
Y(1,3,100,2,2,3)                1.000000
Y(1,3,101,2,2,1)                1.000000
Y(1,3,101,2,2,2)                1.007201
Y(1,3,101,2,2,101)              1.004400
Y(1,3,101,2,2,3)                1.000000
Y(1,3,102,2,2,1)                1.000000
Y(1,3,102,2,2,2)                1.007201
Y(1,3,102,2,2,101)              1.004400
Y(1,3,102,2,2,3)                1.000000
Y(1,3,3,2,2,1)                  1.000000
Y(1,3,3,2,2,2)                  1.007201
Y(1,3,3,2,2,101)                1.004400
Y(1,3,3,2,2,3)                  1.000000
Y(1,3,1,2,3,1)                  1.000000
Y(1,3,1,2,3,2)                  1.000000
Y(1,3,1,2,3,101)                1.000000
Y(1,3,1,2,3,102)                1.000000
Y(1,3,1,2,3,3)                  1.000000
Y(1,3,2,2,3,1)                  1.000000
Y(1,3,2,2,3,2)                  1.000000
Y(1,3,2,2,3,101)                1.000000
Y(1,3,2,2,3,102)                1.000000
Y(1,3,2,2,3,3)                  1.000000
Y(1,3,100,2,3,1)                1.000000
Y(1,3,100,2,3,2)                1.000000
Y(1,3,100,2,3,101)              1.000000
Y(1,3,100,2,3,102)              1.000000
Y(1,3,100,2,3,3)                1.000000
Y(1,3,101,2,3,1)                1.000000
Y(1,3,101,2,3,2)                1.000000
Y(1,3,101,2,3,101)              1.000000
Y(1,3,101,2,3,102)              1.000000
Y(1,3,101,2,3,3)                1.000000
Y(1,3,102,2,3,1)                1.000000
Y(1,3,102,2,3,2)                1.000000
Y(1,3,102,2,3,101)              1.000000
Y(1,3,102,2,3,102)              1.000000
Y(1,3,102,2,3,3)                1.000000
Y(1,3,3,2,3,1)                  1.000000
Y(1,3,3,2,3,2)                  1.000000
Y(1,3,3,2,3,101)                1.000000
Y(1,3,3,2,3,102)                1.000000
Y(1,3,3,2,3,3)                  1.000000
Y(1,1,1,3,1,1)                  1.000000
Y(1,1,1,3,1,2)                  1.000000
Y(1,1,1,3,1,3)                  1.000000
Y(1,1,2,3,1,1)                  1.000000
Y(1,1,2,3,1,2)                  1.000000
Y(1,1,2,3,1,3)                  1.000000
Y(1,1,3,3,1,1)                  1.000000
Y(1,1,3,3,1,2)                  1.000000
Y(1,1,3,3,1,3)                  1.000000
Y(1,1,1,3,2,1)                  1.000000
Y(1,1,1,3,2,2)                  1.013501
Y(1,1,1,3,2,3)                  1.000000
Y(1,1,2,3,2,1)                  1.000000
Y(1,1,2,3,2,2)                  1.013501
Y(1,1,2,3,2,3)                  1.000000
Y(1,1,3,3,2,1)                  1.000000
Y(1,1,3,3,2,2)                  1.013501
Y(1,1,3,3,2,3)                  1.000000
Y(1,1,1,3,3,1)                  1.000000
Y(1,1,1,3,3,2)                  1.000000
Y(1,1,1,3,3,3)                  1.000000
Y(1,1,2,3,3,1)                  1.000000
Y(1,1,2,3,3,2)                  1.000000
Y(1,1,2,3,3,3)                  1.000000
Y(1,1,3,3,3,1)                  1.000000
Y(1,1,3,3,3,2)                  1.000000
Y(1,1,3,3,3,3)                  1.000000
Y(1,2,1,3,1,1)                  1.000000
Y(1,2,1,3,1,2)                  1.000000
Y(1,2,1,3,1,3)                  1.000000
Y(1,2,100,3,1,1)                1.000000
Y(1,2,100,3,1,2)                1.000000
Y(1,2,100,3,1,3)                1.000000
Y(1,2,101,3,1,1)                1.000000
Y(1,2,101,3,1,2)                1.000000
Y(1,2,101,3,1,3)                1.000000
Y(1,2,2,3,1,1)                  1.000000
Y(1,2,2,3,1,2)                  1.000000
Y(1,2,2,3,1,3)                  1.000000
Y(1,2,3,3,1,1)                  1.000000
Y(1,2,3,3,1,2)                  1.000000
Y(1,2,3,3,1,3)                  1.000000
Y(1,2,1,3,2,1)                  1.000000
Y(1,2,1,3,2,101)                1.007501
Y(1,2,1,3,2,2)                  1.013501
Y(1,2,1,3,2,3)                  1.000000
Y(1,2,100,3,2,1)                1.000000
Y(1,2,100,3,2,101)              1.007501
Y(1,2,100,3,2,2)                1.013501
Y(1,2,100,3,2,3)                1.000000
Y(1,2,101,3,2,1)                1.000000
Y(1,2,101,3,2,101)              1.007501
Y(1,2,101,3,2,2)                1.013501
Y(1,2,101,3,2,3)                1.000000
Y(1,2,2,3,2,1)                  1.000000
Y(1,2,2,3,2,101)                1.007501
Y(1,2,2,3,2,2)                  1.013501
Y(1,2,2,3,2,3)                  1.000000
Y(1,2,3,3,2,1)                  1.000000
Y(1,2,3,3,2,101)                1.007501
Y(1,2,3,3,2,2)                  1.013501
Y(1,2,3,3,2,3)                  1.000000
Y(1,2,1,3,3,1)                  1.000000
Y(1,2,1,3,3,101)                1.000000
Y(1,2,1,3,3,2)                  1.000000
Y(1,2,1,3,3,3)                  1.000000
Y(1,2,100,3,3,1)                1.000000
Y(1,2,100,3,3,101)              1.000000
Y(1,2,100,3,3,2)                1.000000
Y(1,2,100,3,3,3)                1.000000
Y(1,2,101,3,3,1)                1.000000
Y(1,2,101,3,3,101)              1.000000
Y(1,2,101,3,3,2)                1.000000
Y(1,2,101,3,3,3)                1.000000
Y(1,2,2,3,3,1)                  1.000000
Y(1,2,2,3,3,101)                1.000000
Y(1,2,2,3,3,2)                  1.000000
Y(1,2,2,3,3,3)                  1.000000
Y(1,2,3,3,3,1)                  1.000000
Y(1,2,3,3,3,101)                1.000000
Y(1,2,3,3,3,2)                  1.000000
Y(1,2,3,3,3,3)                  1.000000
Y(1,3,1,3,1,1)                  1.000000
Y(1,3,1,3,1,2)                  1.000000
Y(1,3,1,3,1,3)                  1.000000
Y(1,3,2,3,1,1)                  1.000000
Y(1,3,2,3,1,2)                  1.000000
Y(1,3,2,3,1,3)                  1.000000
Y(1,3,100,3,1,1)                1.000000
Y(1,3,100,3,1,2)                1.000000
Y(1,3,100,3,1,3)                1.000000
Y(1,3,101,3,1,1)                1.000000
Y(1,3,101,3,1,2)                1.000000
Y(1,3,101,3,1,3)                1.000000
Y(1,3,102,3,1,1)                1.000000
Y(1,3,102,3,1,2)                1.000000
Y(1,3,102,3,1,3)                1.000000
Y(1,3,3,3,1,1)                  1.000000
Y(1,3,3,3,1,2)                  1.000000
Y(1,3,3,3,1,3)                  1.000000
Y(1,3,1,3,2,1)                  1.000000
Y(1,3,1,3,2,2)                  1.013501
Y(1,3,1,3,2,101)                1.007501
Y(1,3,1,3,2,3)                  1.000000
Y(1,3,2,3,2,1)                  1.000000
Y(1,3,2,3,2,2)                  1.013501
Y(1,3,2,3,2,101)                1.007501
Y(1,3,2,3,2,3)                  1.000000
Y(1,3,100,3,2,1)                1.000000
Y(1,3,100,3,2,2)                1.013501
Y(1,3,100,3,2,101)              1.007501
Y(1,3,100,3,2,3)                1.000000
Y(1,3,101,3,2,1)                1.000000
Y(1,3,101,3,2,2)                1.013501
Y(1,3,101,3,2,101)              1.007501
Y(1,3,101,3,2,3)                1.000000
Y(1,3,102,3,2,1)                1.000000
Y(1,3,102,3,2,2)                1.013501
Y(1,3,102,3,2,101)              1.007501
Y(1,3,102,3,2,3)                1.000000
Y(1,3,3,3,2,1)                  1.000000
Y(1,3,3,3,2,2)                  1.013501
Y(1,3,3,3,2,101)                1.007501
Y(1,3,3,3,2,3)                  1.000000
Y(1,3,1,3,3,1)                  1.000000
Y(1,3,1,3,3,2)                  1.000000
Y(1,3,1,3,3,101)                1.000000
Y(1,3,1,3,3,102)                1.000000
Y(1,3,1,3,3,3)                  1.000000
Y(1,3,2,3,3,1)                  1.000000
Y(1,3,2,3,3,2)                  1.000000
Y(1,3,2,3,3,101)                1.000000
Y(1,3,2,3,3,102)                1.000000
Y(1,3,2,3,3,3)                  1.000000
Y(1,3,100,3,3,1)                1.000000
Y(1,3,100,3,3,2)                1.000000
Y(1,3,100,3,3,101)              1.000000
Y(1,3,100,3,3,102)              1.000000
Y(1,3,100,3,3,3)                1.000000
Y(1,3,101,3,3,1)                1.000000
Y(1,3,101,3,3,2)                1.000000
Y(1,3,101,3,3,101)              1.000000
Y(1,3,101,3,3,102)              1.000000
Y(1,3,101,3,3,3)                1.000000
Y(1,3,102,3,3,1)                1.000000
Y(1,3,102,3,3,2)                1.000000
Y(1,3,102,3,3,101)              1.000000
Y(1,3,102,3,3,102)              1.000000
Y(1,3,102,3,3,3)                1.000000
Y(1,3,3,3,3,1)                  1.000000
Y(1,3,3,3,3,2)                  1.000000
Y(1,3,3,3,3,101)                1.000000
Y(1,3,3,3,3,102)                1.000000
Y(1,3,3,3,3,3)                  1.000000
Y(2,1,1,1,1,1)                  1.000000
Y(2,1,1,1,1,2)                  1.000000
Y(2,1,1,1,1,3)                  1.000000
Y(2,1,2,1,1,1)                  1.000000
Y(2,1,2,1,1,2)                  1.000000
Y(2,1,2,1,1,3)                  1.000000
Y(2,1,3,1,1,1)                  1.000000
Y(2,1,3,1,1,2)                  1.000000
Y(2,1,3,1,1,3)                  1.000000
Y(2,1,1,1,2,1)                  1.000000
Y(2,1,1,1,2,2)                  1.017302
Y(2,1,1,1,2,3)                  1.000000
Y(2,1,2,1,2,1)                  1.000000
Y(2,1,2,1,2,2)                  1.017302
Y(2,1,2,1,2,3)                  1.000000
Y(2,1,3,1,2,1)                  1.000000
Y(2,1,3,1,2,2)                  1.017302
Y(2,1,3,1,2,3)                  1.000000
Y(2,1,1,1,3,1)                  1.000000
Y(2,1,1,1,3,2)                  1.000000
Y(2,1,1,1,3,3)                  1.000000
Y(2,1,2,1,3,1)                  1.000000
Y(2,1,2,1,3,2)                  1.000000
Y(2,1,2,1,3,3)                  1.000000
Y(2,1,3,1,3,1)                  1.000000
Y(2,1,3,1,3,2)                  1.000000
Y(2,1,3,1,3,3)                  1.000000
Y(2,2,1,1,1,1)                  1.000000
Y(2,2,1,1,1,2)                  1.000000
Y(2,2,1,1,1,3)                  1.000000
Y(2,2,100,1,1,1)                1.000000
Y(2,2,100,1,1,2)                1.000000
Y(2,2,100,1,1,3)                1.000000
Y(2,2,101,1,1,1)                1.000000
Y(2,2,101,1,1,2)                1.000000
Y(2,2,101,1,1,3)                1.000000
Y(2,2,2,1,1,1)                  1.000000
Y(2,2,2,1,1,2)                  1.000000
Y(2,2,2,1,1,3)                  1.000000
Y(2,2,3,1,1,1)                  1.000000
Y(2,2,3,1,1,2)                  1.000000
Y(2,2,3,1,1,3)                  1.000000
Y(2,2,1,1,2,1)                  1.000000
Y(2,2,1,1,2,101)                1.009101
Y(2,2,1,1,2,2)                  1.017302
Y(2,2,1,1,2,3)                  1.000000
Y(2,2,100,1,2,1)                1.000000
Y(2,2,100,1,2,101)              1.009101
Y(2,2,100,1,2,2)                1.017302
Y(2,2,100,1,2,3)                1.000000
Y(2,2,101,1,2,1)                1.000000
Y(2,2,101,1,2,101)              1.009101
Y(2,2,101,1,2,2)                1.017302
Y(2,2,101,1,2,3)                1.000000
Y(2,2,2,1,2,1)                  1.000000
Y(2,2,2,1,2,101)                1.009101
Y(2,2,2,1,2,2)                  1.017302
Y(2,2,2,1,2,3)                  1.000000
Y(2,2,3,1,2,1)                  1.000000
Y(2,2,3,1,2,101)                1.009101
Y(2,2,3,1,2,2)                  1.017302
Y(2,2,3,1,2,3)                  1.000000
Y(2,2,1,1,3,1)                  1.000000
Y(2,2,1,1,3,101)                1.000000
Y(2,2,1,1,3,2)                  1.000000
Y(2,2,1,1,3,3)                  1.000000
Y(2,2,100,1,3,1)                1.000000
Y(2,2,100,1,3,101)              1.000000
Y(2,2,100,1,3,2)                1.000000
Y(2,2,100,1,3,3)                1.000000
Y(2,2,101,1,3,1)                1.000000
Y(2,2,101,1,3,101)              1.000000
Y(2,2,101,1,3,2)                1.000000
Y(2,2,101,1,3,3)                1.000000
Y(2,2,2,1,3,1)                  1.000000
Y(2,2,2,1,3,101)                1.000000
Y(2,2,2,1,3,2)                  1.000000
Y(2,2,2,1,3,3)                  1.000000
Y(2,2,3,1,3,1)                  1.000000
Y(2,2,3,1,3,101)                1.000000
Y(2,2,3,1,3,2)                  1.000000
Y(2,2,3,1,3,3)                  1.000000
Y(2,3,1,1,1,1)                  1.000000
Y(2,3,1,1,1,2)                  1.000000
Y(2,3,1,1,1,3)                  1.000000
Y(2,3,2,1,1,1)                  1.000000
Y(2,3,2,1,1,2)                  1.000000
Y(2,3,2,1,1,3)                  1.000000
Y(2,3,100,1,1,1)                1.000000
Y(2,3,100,1,1,2)                1.000000
Y(2,3,100,1,1,3)                1.000000
Y(2,3,101,1,1,1)                1.000000
Y(2,3,101,1,1,2)                1.000000
Y(2,3,101,1,1,3)                1.000000
Y(2,3,102,1,1,1)                1.000000
Y(2,3,102,1,1,2)                1.000000
Y(2,3,102,1,1,3)                1.000000
Y(2,3,3,1,1,1)                  1.000000
Y(2,3,3,1,1,2)                  1.000000
Y(2,3,3,1,1,3)                  1.000000
Y(2,3,1,1,2,1)                  1.000000
Y(2,3,1,1,2,2)                  1.017302
Y(2,3,1,1,2,101)                1.009101
Y(2,3,1,1,2,3)                  1.000000
Y(2,3,2,1,2,1)                  1.000000
Y(2,3,2,1,2,2)                  1.017302
Y(2,3,2,1,2,101)                1.009101
Y(2,3,2,1,2,3)                  1.000000
Y(2,3,100,1,2,1)                1.000000
Y(2,3,100,1,2,2)                1.017302
Y(2,3,100,1,2,101)              1.009101
Y(2,3,100,1,2,3)                1.000000
Y(2,3,101,1,2,1)                1.000000
Y(2,3,101,1,2,2)                1.017302
Y(2,3,101,1,2,101)              1.009101
Y(2,3,101,1,2,3)                1.000000
Y(2,3,102,1,2,1)                1.000000
Y(2,3,102,1,2,2)                1.017302
Y(2,3,102,1,2,101)              1.009101
Y(2,3,102,1,2,3)                1.000000
Y(2,3,3,1,2,1)                  1.000000
Y(2,3,3,1,2,2)                  1.017302
Y(2,3,3,1,2,101)                1.009101
Y(2,3,3,1,2,3)                  1.000000
Y(2,3,1,1,3,1)                  1.000000
Y(2,3,1,1,3,2)                  1.000000
Y(2,3,1,1,3,101)                1.000000
Y(2,3,1,1,3,102)                1.000000
Y(2,3,1,1,3,3)                  1.000000
Y(2,3,2,1,3,1)                  1.000000
Y(2,3,2,1,3,2)                  1.000000
Y(2,3,2,1,3,101)                1.000000
Y(2,3,2,1,3,102)                1.000000
Y(2,3,2,1,3,3)                  1.000000
Y(2,3,100,1,3,1)                1.000000
Y(2,3,100,1,3,2)                1.000000
Y(2,3,100,1,3,101)              1.000000
Y(2,3,100,1,3,102)              1.000000
Y(2,3,100,1,3,3)                1.000000
Y(2,3,101,1,3,1)                1.000000
Y(2,3,101,1,3,2)                1.000000
Y(2,3,101,1,3,101)              1.000000
Y(2,3,101,1,3,102)              1.000000
Y(2,3,101,1,3,3)                1.000000
Y(2,3,102,1,3,1)                1.000000
Y(2,3,102,1,3,2)                1.000000
Y(2,3,102,1,3,101)              1.000000
Y(2,3,102,1,3,102)              1.000000
Y(2,3,102,1,3,3)                1.000000
Y(2,3,3,1,3,1)                  1.000000
Y(2,3,3,1,3,2)                  1.000000
Y(2,3,3,1,3,101)                1.000000
Y(2,3,3,1,3,102)                1.000000
Y(2,3,3,1,3,3)                  1.000000
Y(2,1,1,3,1,1)                  1.000000
Y(2,1,1,3,1,2)                  1.000000
Y(2,1,1,3,1,3)                  1.000000
Y(2,1,2,3,1,1)                  1.000000
Y(2,1,2,3,1,2)                  1.000000
Y(2,1,2,3,1,3)                  1.000000
Y(2,1,3,3,1,1)                  1.000000
Y(2,1,3,3,1,2)                  1.000000
Y(2,1,3,3,1,3)                  1.000000
Y(2,1,1,3,2,1)                  1.000000
Y(2,1,1,3,2,2)                  1.013501
Y(2,1,1,3,2,3)                  1.000000
Y(2,1,2,3,2,1)                  1.000000
Y(2,1,2,3,2,2)                  1.013501
Y(2,1,2,3,2,3)                  1.000000
Y(2,1,3,3,2,1)                  1.000000
Y(2,1,3,3,2,2)                  1.013501
Y(2,1,3,3,2,3)                  1.000000
Y(2,1,1,3,3,1)                  1.000000
Y(2,1,1,3,3,2)                  1.000000
Y(2,1,1,3,3,3)                  1.000000
Y(2,1,2,3,3,1)                  1.000000
Y(2,1,2,3,3,2)                  1.000000
Y(2,1,2,3,3,3)                  1.000000
Y(2,1,3,3,3,1)                  1.000000
Y(2,1,3,3,3,2)                  1.000000
Y(2,1,3,3,3,3)                  1.000000
Y(2,2,1,3,1,1)                  1.000000
Y(2,2,1,3,1,2)                  1.000000
Y(2,2,1,3,1,3)                  1.000000
Y(2,2,100,3,1,1)                1.000000
Y(2,2,100,3,1,2)                1.000000
Y(2,2,100,3,1,3)                1.000000
Y(2,2,101,3,1,1)                1.000000
Y(2,2,101,3,1,2)                1.000000
Y(2,2,101,3,1,3)                1.000000
Y(2,2,2,3,1,1)                  1.000000
Y(2,2,2,3,1,2)                  1.000000
Y(2,2,2,3,1,3)                  1.000000
Y(2,2,3,3,1,1)                  1.000000
Y(2,2,3,3,1,2)                  1.000000
Y(2,2,3,3,1,3)                  1.000000
Y(2,2,1,3,2,1)                  1.000000
Y(2,2,1,3,2,101)                1.007501
Y(2,2,1,3,2,2)                  1.013501
Y(2,2,1,3,2,3)                  1.000000
Y(2,2,100,3,2,1)                1.000000
Y(2,2,100,3,2,101)              1.007501
Y(2,2,100,3,2,2)                1.013501
Y(2,2,100,3,2,3)                1.000000
Y(2,2,101,3,2,1)                1.000000
Y(2,2,101,3,2,101)              1.007501
Y(2,2,101,3,2,2)                1.013501
Y(2,2,101,3,2,3)                1.000000
Y(2,2,2,3,2,1)                  1.000000
Y(2,2,2,3,2,101)                1.007501
Y(2,2,2,3,2,2)                  1.013501
Y(2,2,2,3,2,3)                  1.000000
Y(2,2,3,3,2,1)                  1.000000
Y(2,2,3,3,2,101)                1.007501
Y(2,2,3,3,2,2)                  1.013501
Y(2,2,3,3,2,3)                  1.000000
Y(2,2,1,3,3,1)                  1.000000
Y(2,2,1,3,3,101)                1.000000
Y(2,2,1,3,3,2)                  1.000000
Y(2,2,1,3,3,3)                  1.000000
Y(2,2,100,3,3,1)                1.000000
Y(2,2,100,3,3,101)              1.000000
Y(2,2,100,3,3,2)                1.000000
Y(2,2,100,3,3,3)                1.000000
Y(2,2,101,3,3,1)                1.000000
Y(2,2,101,3,3,101)              1.000000
Y(2,2,101,3,3,2)                1.000000
Y(2,2,101,3,3,3)                1.000000
Y(2,2,2,3,3,1)                  1.000000
Y(2,2,2,3,3,101)                1.000000
Y(2,2,2,3,3,2)                  1.000000
Y(2,2,2,3,3,3)                  1.000000
Y(2,2,3,3,3,1)                  1.000000
Y(2,2,3,3,3,101)                1.000000
Y(2,2,3,3,3,2)                  1.000000
Y(2,2,3,3,3,3)                  1.000000
Y(2,3,1,3,1,1)                  1.000000
Y(2,3,1,3,1,2)                  1.000000
Y(2,3,1,3,1,3)                  1.000000
Y(2,3,2,3,1,1)                  1.000000
Y(2,3,2,3,1,2)                  1.000000
Y(2,3,2,3,1,3)                  1.000000
Y(2,3,100,3,1,1)                1.000000
Y(2,3,100,3,1,2)                1.000000
Y(2,3,100,3,1,3)                1.000000
Y(2,3,101,3,1,1)                1.000000
Y(2,3,101,3,1,2)                1.000000
Y(2,3,101,3,1,3)                1.000000
Y(2,3,102,3,1,1)                1.000000
Y(2,3,102,3,1,2)                1.000000
Y(2,3,102,3,1,3)                1.000000
Y(2,3,3,3,1,1)                  1.000000
Y(2,3,3,3,1,2)                  1.000000
Y(2,3,3,3,1,3)                  1.000000
Y(2,3,1,3,2,1)                  1.000000
Y(2,3,1,3,2,2)                  1.013501
Y(2,3,1,3,2,101)                1.007501
Y(2,3,1,3,2,3)                  1.000000
Y(2,3,2,3,2,1)                  1.000000
Y(2,3,2,3,2,2)                  1.013501
Y(2,3,2,3,2,101)                1.007501
Y(2,3,2,3,2,3)                  1.000000
Y(2,3,100,3,2,1)                1.000000
Y(2,3,100,3,2,2)                1.013501
Y(2,3,100,3,2,101)              1.007501
Y(2,3,100,3,2,3)                1.000000
Y(2,3,101,3,2,1)                1.000000
Y(2,3,101,3,2,2)                1.013501
Y(2,3,101,3,2,101)              1.007501
Y(2,3,101,3,2,3)                1.000000
Y(2,3,102,3,2,1)                1.000000
Y(2,3,102,3,2,2)                1.013501
Y(2,3,102,3,2,101)              1.007501
Y(2,3,102,3,2,3)                1.000000
Y(2,3,3,3,2,1)                  1.000000
Y(2,3,3,3,2,2)                  1.013501
Y(2,3,3,3,2,101)                1.007501
Y(2,3,3,3,2,3)                  1.000000
Y(2,3,1,3,3,1)                  1.000000
Y(2,3,1,3,3,2)                  1.000000
Y(2,3,1,3,3,101)                1.000000
Y(2,3,1,3,3,102)                1.000000
Y(2,3,1,3,3,3)                  1.000000
Y(2,3,2,3,3,1)                  1.000000
Y(2,3,2,3,3,2)                  1.000000
Y(2,3,2,3,3,101)                1.000000
Y(2,3,2,3,3,102)                1.000000
Y(2,3,2,3,3,3)                  1.000000
Y(2,3,100,3,3,1)                1.000000
Y(2,3,100,3,3,2)                1.000000
Y(2,3,100,3,3,101)              1.000000
Y(2,3,100,3,3,102)              1.000000
Y(2,3,100,3,3,3)                1.000000
Y(2,3,101,3,3,1)                1.000000
Y(2,3,101,3,3,2)                1.000000
Y(2,3,101,3,3,101)              1.000000
Y(2,3,101,3,3,102)              1.000000
Y(2,3,101,3,3,3)                1.000000
Y(2,3,102,3,3,1)                1.000000
Y(2,3,102,3,3,2)                1.000000
Y(2,3,102,3,3,101)              1.000000
Y(2,3,102,3,3,102)              1.000000
Y(2,3,102,3,3,3)                1.000000
Y(2,3,3,3,3,1)                  1.000000
Y(2,3,3,3,3,2)                  1.000000
Y(2,3,3,3,3,101)                1.000000
Y(2,3,3,3,3,102)                1.000000
Y(2,3,3,3,3,3)                  1.000000
Y(3,1,1,1,1,1)                  1.000000
Y(3,1,1,1,1,2)                  1.000000
Y(3,1,1,1,1,3)                  1.000000
Y(3,1,2,1,1,1)                  1.000000
Y(3,1,2,1,1,2)                  1.000000
Y(3,1,2,1,1,3)                  1.000000
Y(3,1,3,1,1,1)                  1.000000
Y(3,1,3,1,1,2)                  1.000000
Y(3,1,3,1,1,3)                  1.000000
Y(3,1,1,1,2,1)                  1.000000
Y(3,1,1,1,2,2)                  1.017302
Y(3,1,1,1,2,3)                  1.000000
Y(3,1,2,1,2,1)                  1.000000
Y(3,1,2,1,2,2)                  1.017302
Y(3,1,2,1,2,3)                  1.000000
Y(3,1,3,1,2,1)                  1.000000
Y(3,1,3,1,2,2)                  1.017302
Y(3,1,3,1,2,3)                  1.000000
Y(3,1,1,1,3,1)                  1.000000
Y(3,1,1,1,3,2)                  1.000000
Y(3,1,1,1,3,3)                  1.000000
Y(3,1,2,1,3,1)                  1.000000
Y(3,1,2,1,3,2)                  1.000000
Y(3,1,2,1,3,3)                  1.000000
Y(3,1,3,1,3,1)                  1.000000
Y(3,1,3,1,3,2)                  1.000000
Y(3,1,3,1,3,3)                  1.000000
Y(3,2,1,1,1,1)                  1.000000
Y(3,2,1,1,1,2)                  1.000000
Y(3,2,1,1,1,3)                  1.000000
Y(3,2,100,1,1,1)                1.000000
Y(3,2,100,1,1,2)                1.000000
Y(3,2,100,1,1,3)                1.000000
Y(3,2,101,1,1,1)                1.000000
Y(3,2,101,1,1,2)                1.000000
Y(3,2,101,1,1,3)                1.000000
Y(3,2,2,1,1,1)                  1.000000
Y(3,2,2,1,1,2)                  1.000000
Y(3,2,2,1,1,3)                  1.000000
Y(3,2,3,1,1,1)                  1.000000
Y(3,2,3,1,1,2)                  1.000000
Y(3,2,3,1,1,3)                  1.000000
Y(3,2,1,1,2,1)                  1.000000
Y(3,2,1,1,2,101)                1.009101
Y(3,2,1,1,2,2)                  1.017302
Y(3,2,1,1,2,3)                  1.000000
Y(3,2,100,1,2,1)                1.000000
Y(3,2,100,1,2,101)              1.009101
Y(3,2,100,1,2,2)                1.017302
Y(3,2,100,1,2,3)                1.000000
Y(3,2,101,1,2,1)                1.000000
Y(3,2,101,1,2,101)              1.009101
Y(3,2,101,1,2,2)                1.017302
Y(3,2,101,1,2,3)                1.000000
Y(3,2,2,1,2,1)                  1.000000
Y(3,2,2,1,2,101)                1.009101
Y(3,2,2,1,2,2)                  1.017302
Y(3,2,2,1,2,3)                  1.000000
Y(3,2,3,1,2,1)                  1.000000
Y(3,2,3,1,2,101)                1.009101
Y(3,2,3,1,2,2)                  1.017302
Y(3,2,3,1,2,3)                  1.000000
Y(3,2,1,1,3,1)                  1.000000
Y(3,2,1,1,3,101)                1.000000
Y(3,2,1,1,3,2)                  1.000000
Y(3,2,1,1,3,3)                  1.000000
Y(3,2,100,1,3,1)                1.000000
Y(3,2,100,1,3,101)              1.000000
Y(3,2,100,1,3,2)                1.000000
Y(3,2,100,1,3,3)                1.000000
Y(3,2,101,1,3,1)                1.000000
Y(3,2,101,1,3,101)              1.000000
Y(3,2,101,1,3,2)                1.000000
Y(3,2,101,1,3,3)                1.000000
Y(3,2,2,1,3,1)                  1.000000
Y(3,2,2,1,3,101)                1.000000
Y(3,2,2,1,3,2)                  1.000000
Y(3,2,2,1,3,3)                  1.000000
Y(3,2,3,1,3,1)                  1.000000
Y(3,2,3,1,3,101)                1.000000
Y(3,2,3,1,3,2)                  1.000000
Y(3,2,3,1,3,3)                  1.000000
Y(3,3,1,1,1,1)                  1.000000
Y(3,3,1,1,1,2)                  1.000000
Y(3,3,1,1,1,3)                  1.000000
Y(3,3,2,1,1,1)                  1.000000
Y(3,3,2,1,1,2)                  1.000000
Y(3,3,2,1,1,3)                  1.000000
Y(3,3,100,1,1,1)                1.000000
Y(3,3,100,1,1,2)                1.000000
Y(3,3,100,1,1,3)                1.000000
Y(3,3,101,1,1,1)                1.000000
Y(3,3,101,1,1,2)                1.000000
Y(3,3,101,1,1,3)                1.000000
Y(3,3,102,1,1,1)                1.000000
Y(3,3,102,1,1,2)                1.000000
Y(3,3,102,1,1,3)                1.000000
Y(3,3,3,1,1,1)                  1.000000
Y(3,3,3,1,1,2)                  1.000000
Y(3,3,3,1,1,3)                  1.000000
Y(3,3,1,1,2,1)                  1.000000
Y(3,3,1,1,2,2)                  1.017302
Y(3,3,1,1,2,101)                1.009101
Y(3,3,1,1,2,3)                  1.000000
Y(3,3,2,1,2,1)                  1.000000
Y(3,3,2,1,2,2)                  1.017302
Y(3,3,2,1,2,101)                1.009101
Y(3,3,2,1,2,3)                  1.000000
Y(3,3,100,1,2,1)                1.000000
Y(3,3,100,1,2,2)                1.017302
Y(3,3,100,1,2,101)              1.009101
Y(3,3,100,1,2,3)                1.000000
Y(3,3,101,1,2,1)                1.000000
Y(3,3,101,1,2,2)                1.017302
Y(3,3,101,1,2,101)              1.009101
Y(3,3,101,1,2,3)                1.000000
Y(3,3,102,1,2,1)                1.000000
Y(3,3,102,1,2,2)                1.017302
Y(3,3,102,1,2,101)              1.009101
Y(3,3,102,1,2,3)                1.000000
Y(3,3,3,1,2,1)                  1.000000
Y(3,3,3,1,2,2)                  1.017302
Y(3,3,3,1,2,101)                1.009101
Y(3,3,3,1,2,3)                  1.000000
Y(3,3,1,1,3,1)                  1.000000
Y(3,3,1,1,3,2)                  1.000000
Y(3,3,1,1,3,101)                1.000000
Y(3,3,1,1,3,102)                1.000000
Y(3,3,1,1,3,3)                  1.000000
Y(3,3,2,1,3,1)                  1.000000
Y(3,3,2,1,3,2)                  1.000000
Y(3,3,2,1,3,101)                1.000000
Y(3,3,2,1,3,102)                1.000000
Y(3,3,2,1,3,3)                  1.000000
Y(3,3,100,1,3,1)                1.000000
Y(3,3,100,1,3,2)                1.000000
Y(3,3,100,1,3,101)              1.000000
Y(3,3,100,1,3,102)              1.000000
Y(3,3,100,1,3,3)                1.000000
Y(3,3,101,1,3,1)                1.000000
Y(3,3,101,1,3,2)                1.000000
Y(3,3,101,1,3,101)              1.000000
Y(3,3,101,1,3,102)              1.000000
Y(3,3,101,1,3,3)                1.000000
Y(3,3,102,1,3,1)                1.000000
Y(3,3,102,1,3,2)                1.000000
Y(3,3,102,1,3,101)              1.000000
Y(3,3,102,1,3,102)              1.000000
Y(3,3,102,1,3,3)                1.000000
Y(3,3,3,1,3,1)                  1.000000
Y(3,3,3,1,3,2)                  1.000000
Y(3,3,3,1,3,101)                1.000000
Y(3,3,3,1,3,102)                1.000000
Y(3,3,3,1,3,3)                  1.000000
Y(3,1,1,2,1,1)                  1.000000
Y(3,1,1,2,1,2)                  1.000000
Y(3,1,1,2,1,3)                  1.000000
Y(3,1,2,2,1,1)                  1.000000
Y(3,1,2,2,1,2)                  1.000000
Y(3,1,2,2,1,3)                  1.000000
Y(3,1,3,2,1,1)                  1.000000
Y(3,1,3,2,1,2)                  1.000000
Y(3,1,3,2,1,3)                  1.000000
Y(3,1,1,2,2,1)                  1.000000
Y(3,1,1,2,2,2)                  1.007201
Y(3,1,1,2,2,3)                  1.000000
Y(3,1,2,2,2,1)                  1.000000
Y(3,1,2,2,2,2)                  1.007201
Y(3,1,2,2,2,3)                  1.000000
Y(3,1,3,2,2,1)                  1.000000
Y(3,1,3,2,2,2)                  1.007201
Y(3,1,3,2,2,3)                  1.000000
Y(3,1,1,2,3,1)                  1.000000
Y(3,1,1,2,3,2)                  1.000000
Y(3,1,1,2,3,3)                  1.000000
Y(3,1,2,2,3,1)                  1.000000
Y(3,1,2,2,3,2)                  1.000000
Y(3,1,2,2,3,3)                  1.000000
Y(3,1,3,2,3,1)                  1.000000
Y(3,1,3,2,3,2)                  1.000000
Y(3,1,3,2,3,3)                  1.000000
Y(3,2,1,2,1,1)                  1.000000
Y(3,2,1,2,1,2)                  1.000000
Y(3,2,1,2,1,3)                  1.000000
Y(3,2,100,2,1,1)                1.000000
Y(3,2,100,2,1,2)                1.000000
Y(3,2,100,2,1,3)                1.000000
Y(3,2,101,2,1,1)                1.000000
Y(3,2,101,2,1,2)                1.000000
Y(3,2,101,2,1,3)                1.000000
Y(3,2,2,2,1,1)                  1.000000
Y(3,2,2,2,1,2)                  1.000000
Y(3,2,2,2,1,3)                  1.000000
Y(3,2,3,2,1,1)                  1.000000
Y(3,2,3,2,1,2)                  1.000000
Y(3,2,3,2,1,3)                  1.000000
Y(3,2,1,2,2,1)                  1.000000
Y(3,2,1,2,2,101)                1.004400
Y(3,2,1,2,2,2)                  1.007201
Y(3,2,1,2,2,3)                  1.000000
Y(3,2,100,2,2,1)                1.000000
Y(3,2,100,2,2,101)              1.004400
Y(3,2,100,2,2,2)                1.007201
Y(3,2,100,2,2,3)                1.000000
Y(3,2,101,2,2,1)                1.000000
Y(3,2,101,2,2,101)              1.004400
Y(3,2,101,2,2,2)                1.007201
Y(3,2,101,2,2,3)                1.000000
Y(3,2,2,2,2,1)                  1.000000
Y(3,2,2,2,2,101)                1.004400
Y(3,2,2,2,2,2)                  1.007201
Y(3,2,2,2,2,3)                  1.000000
Y(3,2,3,2,2,1)                  1.000000
Y(3,2,3,2,2,101)                1.004400
Y(3,2,3,2,2,2)                  1.007201
Y(3,2,3,2,2,3)                  1.000000
Y(3,2,1,2,3,1)                  1.000000
Y(3,2,1,2,3,101)                1.000000
Y(3,2,1,2,3,2)                  1.000000
Y(3,2,1,2,3,3)                  1.000000
Y(3,2,100,2,3,1)                1.000000
Y(3,2,100,2,3,101)              1.000000
Y(3,2,100,2,3,2)                1.000000
Y(3,2,100,2,3,3)                1.000000
Y(3,2,101,2,3,1)                1.000000
Y(3,2,101,2,3,101)              1.000000
Y(3,2,101,2,3,2)                1.000000
Y(3,2,101,2,3,3)                1.000000
Y(3,2,2,2,3,1)                  1.000000
Y(3,2,2,2,3,101)                1.000000
Y(3,2,2,2,3,2)                  1.000000
Y(3,2,2,2,3,3)                  1.000000
Y(3,2,3,2,3,1)                  1.000000
Y(3,2,3,2,3,101)                1.000000
Y(3,2,3,2,3,2)                  1.000000
Y(3,2,3,2,3,3)                  1.000000
Y(3,3,1,2,1,1)                  1.000000
Y(3,3,1,2,1,2)                  1.000000
Y(3,3,1,2,1,3)                  1.000000
Y(3,3,2,2,1,1)                  1.000000
Y(3,3,2,2,1,2)                  1.000000
Y(3,3,2,2,1,3)                  1.000000
Y(3,3,100,2,1,1)                1.000000
Y(3,3,100,2,1,2)                1.000000
Y(3,3,100,2,1,3)                1.000000
Y(3,3,101,2,1,1)                1.000000
Y(3,3,101,2,1,2)                1.000000
Y(3,3,101,2,1,3)                1.000000
Y(3,3,102,2,1,1)                1.000000
Y(3,3,102,2,1,2)                1.000000
Y(3,3,102,2,1,3)                1.000000
Y(3,3,3,2,1,1)                  1.000000
Y(3,3,3,2,1,2)                  1.000000
Y(3,3,3,2,1,3)                  1.000000
Y(3,3,1,2,2,1)                  1.000000
Y(3,3,1,2,2,2)                  1.007201
Y(3,3,1,2,2,101)                1.004400
Y(3,3,1,2,2,3)                  1.000000
Y(3,3,2,2,2,1)                  1.000000
Y(3,3,2,2,2,2)                  1.007201
Y(3,3,2,2,2,101)                1.004400
Y(3,3,2,2,2,3)                  1.000000
Y(3,3,100,2,2,1)                1.000000
Y(3,3,100,2,2,2)                1.007201
Y(3,3,100,2,2,101)              1.004400
Y(3,3,100,2,2,3)                1.000000
Y(3,3,101,2,2,1)                1.000000
Y(3,3,101,2,2,2)                1.007201
Y(3,3,101,2,2,101)              1.004400
Y(3,3,101,2,2,3)                1.000000
Y(3,3,102,2,2,1)      